<?xml version="1.0" encoding="UTF-8"?>
<!-- Generated by org.testng.reporters.JUnitReportReporter -->
<testsuite hostname="Sumith-KV-Mobi" name="com.skv.tests.mobi.Mobile_Application_Tests" tests="4" failures="0" timestamp="26 Sep 2018 09:33:48 GMT" time="0.108" errors="0">
  <testcase name="exitApp" time="0.031" classname="com.skv.tests.mobi.Mobile_Application_Tests"/>
  <testcase name="refreshApp" time="0.031" classname="com.skv.tests.mobi.Mobile_Application_Tests"/>
  <testcase name="lauchApp" time="0.046" classname="com.skv.tests.mobi.Mobile_Application_Tests"/>
  <testcase name="updateApp" time="0.000" classname="com.skv.tests.mobi.Mobile_Application_Tests"/>
</testsuite> <!-- com.skv.tests.mobi.Mobile_Application_Tests -->
