<?xml version="1.0" encoding="UTF-8"?>
<!-- Generated by org.testng.reporters.JUnitReportReporter -->
<testsuite hostname="Sraavan-Sumith" name="com.skv.tests.mobi.Mobile_Application_Tests" tests="4" failures="0" timestamp="28 Feb 2019 16:24:37 GMT" time="0.060" errors="0">
  <testcase name="lauchApp" time="0.000" classname="com.skv.tests.mobi.Mobile_Application_Tests"/>
  <testcase name="refreshApp" time="0.007" classname="com.skv.tests.mobi.Mobile_Application_Tests"/>
  <testcase name="updateApp" time="0.037" classname="com.skv.tests.mobi.Mobile_Application_Tests"/>
  <testcase name="exitApp" time="0.016" classname="com.skv.tests.mobi.Mobile_Application_Tests"/>
</testsuite> <!-- com.skv.tests.mobi.Mobile_Application_Tests -->
